[2025-03-17 22:45:45] [INFO] Base - Setting up Extent Reports on:- 
[2025-03-17 22:45:55] [INFO] Base - Chrome has been selected
[2025-03-17 22:45:56] [INFO] Base - opening https://demoqa.com/
[2025-03-17 22:45:56] [INFO] Base - Pagefactory has be instantiated
[2025-03-17 22:45:57] [INFO] Base - starting navigating To Bookstore-Hometest
[2025-03-17 22:45:57] [INFO] Base - Book card on Homepage has been clicked
[2025-03-17 22:45:57] [INFO] Base - Waiting 2 seconds for LoginButton to appear
[2025-03-17 22:45:57] [INFO] Base - Login Button is present
[2025-03-17 22:45:58] [INFO] Base - Cleaning extent reports
[2025-03-17 22:46:00] [INFO] Base - Closing browser
[2025-03-18 12:47:52] [INFO] Base - Setting up Extent Reports on:- 
[2025-03-18 12:48:04] [INFO] Base - Chrome has been selected
[2025-03-18 12:48:06] [INFO] Base - opening https://demoqa.com/
[2025-03-18 12:48:06] [INFO] Base - Pagefactory has be instantiated
[2025-03-18 13:21:46] [INFO] Base - Setting up Extent Reports on:- 
[2025-03-18 13:21:56] [INFO] Base - Chrome has been selected
[2025-03-18 13:21:57] [INFO] Base - opening https://demoqa.com/
[2025-03-18 13:21:57] [INFO] Base - Pagefactory has be instantiated
[2025-03-18 13:23:46] [INFO] Base - Setting up Extent Reports on:- 
[2025-03-18 13:23:58] [INFO] Base - Chrome has been selected
[2025-03-18 13:24:00] [INFO] Base - opening https://demoqa.com/
[2025-03-18 13:24:00] [INFO] Base - Pagefactory has be instantiated
[2025-03-18 13:27:28] [INFO] Base - Setting up Extent Reports on:- 
[2025-03-18 13:27:41] [INFO] Base - Chrome has been selected
[2025-03-18 13:27:42] [INFO] Base - opening https://demoqa.com/
[2025-03-18 13:27:42] [INFO] Base - Pagefactory has be instantiated
[2025-03-18 13:29:15] [INFO] Base - Setting up Extent Reports on:- 
[2025-03-18 13:29:29] [INFO] Base - Chrome has been selected
[2025-03-18 13:29:31] [INFO] Base - opening https://demoqa.com/
[2025-03-18 13:29:31] [INFO] Base - Pagefactory has be instantiated
[2025-03-18 13:42:12] [INFO] Base - Setting up Extent Reports on:- 
[2025-03-18 13:42:23] [INFO] Base - Chrome has been selected
[2025-03-18 13:42:24] [INFO] Base - opening https://demoqa.com/
[2025-03-18 13:42:24] [INFO] Base - Pagefactory has be instantiated
[2025-03-18 13:42:25] [INFO] Base - Book card on Homepage has been clicked
[2025-03-18 13:42:25] [INFO] Base - Navigating to Bookstore page
[2025-03-18 13:42:26] [INFO] Base - Clicked login Button
[2025-03-18 13:42:26] [INFO] Base - Enter username: user1
[2025-03-18 13:42:26] [INFO] Base - Entered password Password123!
[2025-03-18 13:46:10] [INFO] Base - Setting up Extent Reports on:- 
[2025-03-18 13:46:19] [INFO] Base - Chrome has been selected
[2025-03-18 13:46:20] [INFO] Base - opening https://demoqa.com/
[2025-03-18 13:46:20] [INFO] Base - Pagefactory has be instantiated
[2025-03-18 13:46:21] [INFO] Base - Book card on Homepage has been clicked
[2025-03-18 13:46:21] [INFO] Base - Navigating to Bookstore page
[2025-03-18 13:46:21] [INFO] Base - Clicked login Button
[2025-03-18 13:46:21] [INFO] Base - Enter username: user1
[2025-03-18 13:46:21] [INFO] Base - Entered password Password123!
[2025-03-18 13:46:22] [INFO] Base - Clicked Login info after entering user information
[2025-03-18 13:49:50] [INFO] Base - Setting up Extent Reports on:- 
[2025-03-18 13:50:01] [INFO] Base - Chrome has been selected
[2025-03-18 13:50:02] [INFO] Base - opening https://demoqa.com/
[2025-03-18 13:50:02] [INFO] Base - Pagefactory has be instantiated
[2025-03-18 13:50:03] [INFO] Base - Book card on Homepage has been clicked
[2025-03-18 13:50:03] [INFO] Base - Navigating to Bookstore page
[2025-03-18 13:50:03] [INFO] Base - Clicked login Button
[2025-03-18 13:50:03] [INFO] Base - Enter username: user1
[2025-03-18 13:50:04] [INFO] Base - Entered password Password123!
[2025-03-18 13:50:04] [INFO] Base - Clicked Login info after entering user information
[2025-03-18 13:50:04] [ERROR] Base - Login was unsuccessful no such element: Unable to locate element: {"method":"css selector","selector":"#submit"}
  (Session info: chrome=131.0.6778.205)
For documentation on this error, please visit: https://www.selenium.dev/documentation/webdriver/troubleshooting/errors#no-such-element-exception
Build info: version: '4.29.0', revision: '5fc1ec94cb'
System info: os.name: 'Windows 11', os.arch: 'amd64', os.version: '10.0', java.version: '21.0.6'
Driver info: org.openqa.selenium.chrome.ChromeDriver
Command: [2b38222d1762c3b1d8b0a76e314dcd5b, findElement {using=id, value=submit}]
Capabilities {acceptInsecureCerts: false, browserName: chrome, browserVersion: 131.0.6778.205, chrome: {chromedriverVersion: 131.0.6778.264 (2d05e315153..., userDataDir: C:\Users\2391448\AppData\Lo...}, fedcm:accounts: true, goog:chromeOptions: {debuggerAddress: localhost:50618}, networkConnectionEnabled: false, pageLoadStrategy: normal, platformName: windows, proxy: Proxy(), se:cdp: ws://localhost:50618/devtoo..., se:cdpVersion: 131.0.6778.205, setWindowRect: true, strictFileInteractability: false, timeouts: {implicit: 0, pageLoad: 300000, script: 30000}, unhandledPromptBehavior: dismiss and notify, webauthn:extension:credBlob: true, webauthn:extension:largeBlob: true, webauthn:extension:minPinLength: true, webauthn:extension:prf: true, webauthn:virtualAuthenticators: true}
Session ID: 2b38222d1762c3b1d8b0a76e314dcd5b
[2025-03-18 13:52:12] [INFO] Base - Setting up Extent Reports on:- 
[2025-03-18 13:52:22] [INFO] Base - Chrome has been selected
[2025-03-18 13:52:24] [INFO] Base - opening https://demoqa.com/
[2025-03-18 13:52:24] [INFO] Base - Pagefactory has be instantiated
[2025-03-18 13:52:25] [INFO] Base - Book card on Homepage has been clicked
[2025-03-18 13:52:25] [INFO] Base - Navigating to Bookstore page
[2025-03-18 13:52:25] [INFO] Base - Clicked login Button
[2025-03-18 13:52:25] [INFO] Base - Enter username: user1
[2025-03-18 13:52:25] [INFO] Base - Entered password Password123!
[2025-03-18 13:52:25] [INFO] Base - Clicked Login info after entering user information
[2025-03-18 13:52:25] [ERROR] Base - Login was unsuccessful no such element: Unable to locate element: {"method":"css selector","selector":"#submit"}
  (Session info: chrome=131.0.6778.205)
For documentation on this error, please visit: https://www.selenium.dev/documentation/webdriver/troubleshooting/errors#no-such-element-exception
Build info: version: '4.29.0', revision: '5fc1ec94cb'
System info: os.name: 'Windows 11', os.arch: 'amd64', os.version: '10.0', java.version: '21.0.6'
Driver info: org.openqa.selenium.chrome.ChromeDriver
Command: [b50884f9f1fd45f1b6491376e719b49d, findElement {using=id, value=submit}]
Capabilities {acceptInsecureCerts: false, browserName: chrome, browserVersion: 131.0.6778.205, chrome: {chromedriverVersion: 131.0.6778.264 (2d05e315153..., userDataDir: C:\Users\2391448\AppData\Lo...}, fedcm:accounts: true, goog:chromeOptions: {debuggerAddress: localhost:51140}, networkConnectionEnabled: false, pageLoadStrategy: normal, platformName: windows, proxy: Proxy(), se:cdp: ws://localhost:51140/devtoo..., se:cdpVersion: 131.0.6778.205, setWindowRect: true, strictFileInteractability: false, timeouts: {implicit: 0, pageLoad: 300000, script: 30000}, unhandledPromptBehavior: dismiss and notify, webauthn:extension:credBlob: true, webauthn:extension:largeBlob: true, webauthn:extension:minPinLength: true, webauthn:extension:prf: true, webauthn:virtualAuthenticators: true}
Session ID: b50884f9f1fd45f1b6491376e719b49d
[2025-03-18 13:52:55] [INFO] Base - Setting up Extent Reports on:- 
[2025-03-18 13:53:05] [INFO] Base - Chrome has been selected
[2025-03-18 13:53:07] [INFO] Base - opening https://demoqa.com/
[2025-03-18 13:53:07] [INFO] Base - Pagefactory has be instantiated
[2025-03-18 13:53:08] [INFO] Base - Book card on Homepage has been clicked
[2025-03-18 13:53:08] [INFO] Base - Navigating to Bookstore page
[2025-03-18 13:53:28] [INFO] Base - Setting up Extent Reports on:- 
[2025-03-18 13:53:38] [INFO] Base - Chrome has been selected
[2025-03-18 13:53:39] [INFO] Base - opening https://demoqa.com/
[2025-03-18 13:53:39] [INFO] Base - Pagefactory has be instantiated
[2025-03-18 13:53:40] [INFO] Base - Book card on Homepage has been clicked
[2025-03-18 13:53:40] [INFO] Base - Navigating to Bookstore page
[2025-03-18 13:53:40] [INFO] Base - Clicked login Button
[2025-03-18 13:53:40] [INFO] Base - Enter username: user1
[2025-03-18 13:53:40] [INFO] Base - Entered password Password123!
[2025-03-18 13:53:40] [INFO] Base - Clicked Login info after entering user information
[2025-03-18 13:53:40] [ERROR] Base - Login was unsuccessful no such element: Unable to locate element: {"method":"css selector","selector":"#submit"}
  (Session info: chrome=131.0.6778.205)
For documentation on this error, please visit: https://www.selenium.dev/documentation/webdriver/troubleshooting/errors#no-such-element-exception
Build info: version: '4.29.0', revision: '5fc1ec94cb'
System info: os.name: 'Windows 11', os.arch: 'amd64', os.version: '10.0', java.version: '21.0.6'
Driver info: org.openqa.selenium.chrome.ChromeDriver
Command: [243d8001d0a355da42caef5ee1fbe925, findElement {value=submit, using=id}]
Capabilities {acceptInsecureCerts: false, browserName: chrome, browserVersion: 131.0.6778.205, chrome: {chromedriverVersion: 131.0.6778.264 (2d05e315153..., userDataDir: C:\Users\2391448\AppData\Lo...}, fedcm:accounts: true, goog:chromeOptions: {debuggerAddress: localhost:51581}, networkConnectionEnabled: false, pageLoadStrategy: normal, platformName: windows, proxy: Proxy(), se:cdp: ws://localhost:51581/devtoo..., se:cdpVersion: 131.0.6778.205, setWindowRect: true, strictFileInteractability: false, timeouts: {implicit: 0, pageLoad: 300000, script: 30000}, unhandledPromptBehavior: dismiss and notify, webauthn:extension:credBlob: true, webauthn:extension:largeBlob: true, webauthn:extension:minPinLength: true, webauthn:extension:prf: true, webauthn:virtualAuthenticators: true}
Session ID: 243d8001d0a355da42caef5ee1fbe925
[2025-03-18 13:54:28] [INFO] Base - Setting up Extent Reports on:- 
[2025-03-18 13:54:39] [INFO] Base - Chrome has been selected
[2025-03-18 13:54:41] [INFO] Base - opening https://demoqa.com/
[2025-03-18 13:54:41] [INFO] Base - Pagefactory has be instantiated
[2025-03-18 13:54:41] [INFO] Base - Book card on Homepage has been clicked
[2025-03-18 13:54:41] [INFO] Base - Navigating to Bookstore page
[2025-03-18 13:54:41] [INFO] Base - Clicked login Button
[2025-03-18 13:54:41] [INFO] Base - Enter username: user1
[2025-03-18 13:54:41] [INFO] Base - Entered password Password123!
[2025-03-18 13:54:42] [INFO] Base - Clicked Login info after entering user information
[2025-03-18 13:54:47] [ERROR] Base - Error occurred,logout button is not present Expected condition failed: waiting for visibility of Proxy element for: DefaultElementLocator 'By.id: login' (tried for 5 second(s) with 500 milliseconds interval)
[2025-03-18 13:54:47] [INFO] Base - Logging out of: user1
[2025-03-18 13:55:43] [INFO] Base - Setting up Extent Reports on:- 
[2025-03-18 13:55:53] [INFO] Base - Chrome has been selected
[2025-03-18 13:55:55] [INFO] Base - opening https://demoqa.com/
[2025-03-18 13:55:55] [INFO] Base - Pagefactory has be instantiated
[2025-03-18 13:55:56] [INFO] Base - Book card on Homepage has been clicked
[2025-03-18 13:55:56] [INFO] Base - Navigating to Bookstore page
[2025-03-18 13:55:56] [INFO] Base - Clicked login Button
[2025-03-18 13:55:56] [INFO] Base - Enter username: user1
[2025-03-18 13:55:57] [INFO] Base - Entered password Password123!
[2025-03-18 13:55:57] [INFO] Base - Clicked Login info after entering user information
[2025-03-18 13:55:58] [INFO] Base - Waiting 2 seconds for logout button to appear
[2025-03-18 13:55:58] [INFO] Base - Logging out of: user1
[2025-03-18 13:59:56] [INFO] Base - Setting up Extent Reports on:- 
[2025-03-18 14:00:06] [INFO] Base - Chrome has been selected
[2025-03-18 14:00:08] [INFO] Base - opening https://demoqa.com/
[2025-03-18 14:00:08] [INFO] Base - Pagefactory has be instantiated
[2025-03-18 14:00:09] [INFO] Base - Book card on Homepage has been clicked
[2025-03-18 14:00:09] [INFO] Base - Navigating to Bookstore page
[2025-03-18 14:00:09] [INFO] Base - Clicked login Button
[2025-03-18 14:00:09] [INFO] Base - Enter username: user1
[2025-03-18 14:00:09] [INFO] Base - Entered password Password123!
[2025-03-18 14:00:09] [INFO] Base - Clicked Login info after entering user information
[2025-03-18 14:00:10] [INFO] Base - Waiting 3 seconds for logout button to appear
[2025-03-18 14:00:10] [INFO] Base - Logging out of user1 account and navigating back to homepage 
[2025-03-18 14:04:09] [INFO] Base - Setting up Extent Reports on:- 
[2025-03-18 14:04:20] [INFO] Base - Chrome has been selected
[2025-03-18 14:04:21] [INFO] Base - opening https://demoqa.com/
[2025-03-18 14:04:21] [INFO] Base - Pagefactory has be instantiated
[2025-03-18 14:04:22] [ERROR] Base - Login was unsuccessful no such element: Unable to locate element: {"method":"css selector","selector":"#submit"}
  (Session info: chrome=131.0.6778.205)
For documentation on this error, please visit: https://www.selenium.dev/documentation/webdriver/troubleshooting/errors#no-such-element-exception
Build info: version: '4.29.0', revision: '5fc1ec94cb'
System info: os.name: 'Windows 11', os.arch: 'amd64', os.version: '10.0', java.version: '21.0.6'
Driver info: org.openqa.selenium.chrome.ChromeDriver
Command: [9d1f145eace70c5e7ca3cec991d4eb8a, findElement {using=id, value=submit}]
Capabilities {acceptInsecureCerts: false, browserName: chrome, browserVersion: 131.0.6778.205, chrome: {chromedriverVersion: 131.0.6778.264 (2d05e315153..., userDataDir: C:\Users\2391448\AppData\Lo...}, fedcm:accounts: true, goog:chromeOptions: {debuggerAddress: localhost:53535}, networkConnectionEnabled: false, pageLoadStrategy: normal, platformName: windows, proxy: Proxy(), se:cdp: ws://localhost:53535/devtoo..., se:cdpVersion: 131.0.6778.205, setWindowRect: true, strictFileInteractability: false, timeouts: {implicit: 0, pageLoad: 300000, script: 30000}, unhandledPromptBehavior: dismiss and notify, webauthn:extension:credBlob: true, webauthn:extension:largeBlob: true, webauthn:extension:minPinLength: true, webauthn:extension:prf: true, webauthn:virtualAuthenticators: true}
Session ID: 9d1f145eace70c5e7ca3cec991d4eb8a
[2025-03-18 14:04:25] [ERROR] Base - Error occurred,logout button is not present Expected condition failed: waiting for visibility of Proxy element for: DefaultElementLocator 'By.id: submit' (tried for 3 second(s) with 500 milliseconds interval)
[2025-03-18 14:04:26] [INFO] Base - Book card on Homepage has been clicked
[2025-03-18 14:04:26] [INFO] Base - Navigating to Bookstore page
[2025-03-18 14:04:26] [INFO] Base - Clicked login Button
[2025-03-18 14:04:26] [INFO] Base - Enter username: user1
[2025-03-18 14:04:26] [INFO] Base - Entered password Password123!
[2025-03-18 14:04:26] [INFO] Base - Clicked Login info after entering user information
[2025-03-18 14:04:28] [INFO] Base - Waiting 3 seconds for logout button to appear
[2025-03-18 14:04:28] [INFO] Base - Logging out of user1 account and navigating back to homepage 
[2025-03-18 14:04:28] [ERROR] Base - Login was unsuccessful no such element: Unable to locate element: {"method":"css selector","selector":"#submit"}
  (Session info: chrome=131.0.6778.205)
For documentation on this error, please visit: https://www.selenium.dev/documentation/webdriver/troubleshooting/errors#no-such-element-exception
Build info: version: '4.29.0', revision: '5fc1ec94cb'
System info: os.name: 'Windows 11', os.arch: 'amd64', os.version: '10.0', java.version: '21.0.6'
Driver info: org.openqa.selenium.chrome.ChromeDriver
Command: [9d1f145eace70c5e7ca3cec991d4eb8a, findElement {using=id, value=submit}]
Capabilities {acceptInsecureCerts: false, browserName: chrome, browserVersion: 131.0.6778.205, chrome: {chromedriverVersion: 131.0.6778.264 (2d05e315153..., userDataDir: C:\Users\2391448\AppData\Lo...}, fedcm:accounts: true, goog:chromeOptions: {debuggerAddress: localhost:53535}, networkConnectionEnabled: false, pageLoadStrategy: normal, platformName: windows, proxy: Proxy(), se:cdp: ws://localhost:53535/devtoo..., se:cdpVersion: 131.0.6778.205, setWindowRect: true, strictFileInteractability: false, timeouts: {implicit: 0, pageLoad: 300000, script: 30000}, unhandledPromptBehavior: dismiss and notify, webauthn:extension:credBlob: true, webauthn:extension:largeBlob: true, webauthn:extension:minPinLength: true, webauthn:extension:prf: true, webauthn:virtualAuthenticators: true}
Session ID: 9d1f145eace70c5e7ca3cec991d4eb8a
[2025-03-18 14:04:31] [ERROR] Base - Error occurred,logout button is not present Expected condition failed: waiting for visibility of Proxy element for: DefaultElementLocator 'By.id: submit' (tried for 3 second(s) with 500 milliseconds interval)
[2025-03-18 14:04:31] [ERROR] Base - Login was unsuccessful no such element: Unable to locate element: {"method":"css selector","selector":"#submit"}
  (Session info: chrome=131.0.6778.205)
For documentation on this error, please visit: https://www.selenium.dev/documentation/webdriver/troubleshooting/errors#no-such-element-exception
Build info: version: '4.29.0', revision: '5fc1ec94cb'
System info: os.name: 'Windows 11', os.arch: 'amd64', os.version: '10.0', java.version: '21.0.6'
Driver info: org.openqa.selenium.chrome.ChromeDriver
Command: [9d1f145eace70c5e7ca3cec991d4eb8a, findElement {using=id, value=submit}]
Capabilities {acceptInsecureCerts: false, browserName: chrome, browserVersion: 131.0.6778.205, chrome: {chromedriverVersion: 131.0.6778.264 (2d05e315153..., userDataDir: C:\Users\2391448\AppData\Lo...}, fedcm:accounts: true, goog:chromeOptions: {debuggerAddress: localhost:53535}, networkConnectionEnabled: false, pageLoadStrategy: normal, platformName: windows, proxy: Proxy(), se:cdp: ws://localhost:53535/devtoo..., se:cdpVersion: 131.0.6778.205, setWindowRect: true, strictFileInteractability: false, timeouts: {implicit: 0, pageLoad: 300000, script: 30000}, unhandledPromptBehavior: dismiss and notify, webauthn:extension:credBlob: true, webauthn:extension:largeBlob: true, webauthn:extension:minPinLength: true, webauthn:extension:prf: true, webauthn:virtualAuthenticators: true}
Session ID: 9d1f145eace70c5e7ca3cec991d4eb8a
[2025-03-18 14:04:34] [ERROR] Base - Error occurred,logout button is not present Expected condition failed: waiting for visibility of Proxy element for: DefaultElementLocator 'By.id: submit' (tried for 3 second(s) with 500 milliseconds interval)
[2025-03-18 14:06:04] [INFO] Base - Setting up Extent Reports on:- 
[2025-03-18 14:06:13] [INFO] Base - Chrome has been selected
[2025-03-18 14:06:15] [INFO] Base - opening https://demoqa.com/
[2025-03-18 14:06:15] [INFO] Base - Pagefactory has be instantiated
[2025-03-18 14:06:15] [INFO] Base - Book card on Homepage has been clicked
[2025-03-18 14:06:15] [INFO] Base - Navigating to Bookstore page
[2025-03-18 14:06:16] [INFO] Base - Clicked login Button
[2025-03-18 14:06:16] [INFO] Base - Enter username: user1
[2025-03-18 14:06:16] [INFO] Base - Entered password Password123!
[2025-03-18 14:06:16] [INFO] Base - Clicked Login info after entering user information
[2025-03-18 14:06:17] [INFO] Base - Waiting 3 seconds for logout button to appear
[2025-03-18 14:06:17] [INFO] Base - Logging out of user1 account and navigating back to Login Page 
[2025-03-18 14:06:19] [INFO] Base - Closing browser
[2025-03-18 14:15:22] [INFO] Base - Setting up Extent Reports on:- 
[2025-03-18 14:15:33] [INFO] Base - Chrome has been selected
[2025-03-18 14:15:34] [INFO] Base - opening https://demoqa.com/
[2025-03-18 14:15:34] [INFO] Base - Pagefactory has be instantiated
[2025-03-18 14:15:34] [INFO] Base - Setting up Extent Reports on:- 
[2025-03-18 14:15:43] [INFO] Base - Chrome has been selected
[2025-03-18 14:15:45] [INFO] Base - opening https://demoqa.com/
[2025-03-18 14:15:45] [INFO] Base - Pagefactory has be instantiated
[2025-03-18 14:15:45] [INFO] Base - Setting up Extent Reports on:- 
[2025-03-18 14:15:55] [INFO] Base - Chrome has been selected
[2025-03-18 14:15:57] [INFO] Base - opening https://demoqa.com/
[2025-03-18 14:15:57] [INFO] Base - Pagefactory has be instantiated
[2025-03-18 14:16:00] [INFO] Base - Closing browser
[2025-03-18 14:16:15] [INFO] Base - Setting up Extent Reports on:- 
[2025-03-18 14:16:24] [INFO] Base - Chrome has been selected
[2025-03-18 14:16:26] [INFO] Base - opening https://demoqa.com/
[2025-03-18 14:16:26] [INFO] Base - Pagefactory has be instantiated
[2025-03-18 14:16:27] [INFO] Base - Book card on Homepage has been clicked
[2025-03-18 14:16:27] [INFO] Base - Navigating to Bookstore page
[2025-03-18 14:16:27] [INFO] Base - Clicked login Button
[2025-03-18 14:16:27] [INFO] Base - Enter username: user1
[2025-03-18 14:16:27] [INFO] Base - Entered password Password123!
[2025-03-18 14:16:27] [INFO] Base - Clicked Login info after entering user information
[2025-03-18 14:16:28] [INFO] Base - Waiting 3 seconds for logout button to appear
[2025-03-18 14:16:28] [INFO] Base - Logging out of user1 account and navigating back to Login Page 
[2025-03-18 14:16:30] [INFO] Base - Closing browser
[2025-03-18 14:19:04] [INFO] Base - Setting up Extent Reports on:- 
[2025-03-18 14:19:22] [INFO] Base - Setting up Extent Reports on:- 
[2025-03-18 14:19:32] [INFO] Base - Chrome has been selected
[2025-03-18 14:19:34] [INFO] Base - opening https://demoqa.com/
[2025-03-18 14:19:34] [INFO] Base - Pagefactory has be instantiated
[2025-03-18 14:19:34] [INFO] Base - starting navigating To Bookstore-Hometest
[2025-03-18 14:19:34] [INFO] Base - Book card on Homepage has been clicked
[2025-03-18 14:19:34] [INFO] Base - Waiting 2 seconds for LoginButton to appear
[2025-03-18 14:19:34] [INFO] Base - Login Button is present
[2025-03-18 14:19:35] [INFO] Base - Cleaning extent reports
[2025-03-18 14:19:36] [INFO] Base - Closing browser
[2025-03-18 14:28:27] [INFO] Base - Setting up Extent Reports on:- 
[2025-03-18 14:28:38] [INFO] Base - Chrome has been selected
[2025-03-18 14:28:40] [INFO] Base - opening https://demoqa.com/
[2025-03-18 14:28:40] [INFO] Base - Pagefactory has be instantiated
[2025-03-18 14:28:40] [INFO] Base - starting navigating To Bookstore-Hometest
[2025-03-18 14:28:40] [INFO] Base - Book card on Homepage has been clicked
[2025-03-18 14:28:40] [INFO] Base - Waiting 2 seconds for LoginButton to appear
[2025-03-18 14:28:40] [INFO] Base - Login Button is present
[2025-03-18 14:28:40] [INFO] Base - Cleaning extent reports
[2025-03-18 14:28:42] [INFO] Base - Closing browser
[2025-03-18 14:29:04] [INFO] Base - Setting up Extent Reports on:- 
[2025-03-18 14:29:14] [INFO] Base - Chrome has been selected
[2025-03-18 14:29:16] [INFO] Base - opening https://demoqa.com/
[2025-03-18 14:29:16] [INFO] Base - Pagefactory has be instantiated
[2025-03-18 14:29:16] [INFO] Base - Book card on Homepage has been clicked
[2025-03-18 14:29:16] [INFO] Base - Navigating to Bookstore page
[2025-03-18 14:29:16] [INFO] Base - Clicked login Button
[2025-03-18 14:29:17] [INFO] Base - Enter username: user1
[2025-03-18 14:29:17] [INFO] Base - Entered password Password123!
[2025-03-18 14:29:17] [INFO] Base - Clicked Login info after entering user information
[2025-03-18 14:29:18] [INFO] Base - Waiting 3 seconds for logout button to appear
[2025-03-18 14:29:18] [INFO] Base - logged out
[2025-03-18 14:29:18] [INFO] Base - Navigated to the URL: https://demoqa.com/
[2025-03-18 14:29:18] [INFO] Base - Logging out of user1 account and navigating back to homepage 
[2025-03-18 14:29:18] [INFO] Base - Book card on Homepage has been clicked
[2025-03-18 14:29:18] [INFO] Base - Navigating to Bookstore page
[2025-03-18 14:29:18] [INFO] Base - Clicked login Button
[2025-03-18 14:29:19] [INFO] Base - Enter username: user2
[2025-03-18 14:29:19] [INFO] Base - Entered password Password345!
[2025-03-18 14:29:19] [INFO] Base - Clicked Login info after entering user information
[2025-03-18 14:29:22] [ERROR] Base - Error occurred,logout button is not present Expected condition failed: waiting for visibility of Proxy element for: DefaultElementLocator 'By.id: submit' (tried for 3 second(s) with 500 milliseconds interval)
[2025-03-18 14:29:22] [INFO] Base - Logging out of user2 account and navigating back to homepage 
[2025-03-18 14:29:26] [INFO] Base - Closing browser
[2025-03-18 14:31:23] [INFO] Base - Setting up Extent Reports on:- 
[2025-03-18 14:31:34] [INFO] Base - Chrome has been selected
[2025-03-18 14:31:35] [INFO] Base - opening https://demoqa.com/
[2025-03-18 14:31:35] [INFO] Base - Pagefactory has be instantiated
[2025-03-18 14:31:36] [INFO] Base - Book card on Homepage has been clicked
[2025-03-18 14:31:36] [INFO] Base - Navigating to Bookstore page
[2025-03-18 14:31:36] [INFO] Base - Clicked login Button
[2025-03-18 14:31:37] [INFO] Base - Enter username: user1
[2025-03-18 14:31:37] [INFO] Base - Entered password Password123!
[2025-03-18 14:31:37] [INFO] Base - Clicked Login info after entering user information
[2025-03-18 14:31:38] [INFO] Base - Waiting 3 seconds for logout button to appear
[2025-03-18 14:31:38] [INFO] Base - logged out
[2025-03-18 14:31:38] [INFO] Base - Navigated to the URL: https://demoqa.com/
[2025-03-18 14:31:38] [INFO] Base - Logging out of user1 account and navigating back to homepage 
[2025-03-18 14:31:39] [INFO] Base - Book card on Homepage has been clicked
[2025-03-18 14:31:39] [INFO] Base - Navigating to Bookstore page
[2025-03-18 14:31:39] [INFO] Base - Clicked login Button
[2025-03-18 14:31:39] [INFO] Base - Enter username: user2
[2025-03-18 14:31:39] [INFO] Base - Entered password Password345!
[2025-03-18 14:31:39] [INFO] Base - Clicked Login info after entering user information
[2025-03-18 14:31:40] [INFO] Base - Waiting 3 seconds for logout button to appear
[2025-03-18 14:31:41] [INFO] Base - logged out
[2025-03-18 14:31:41] [INFO] Base - Navigated to the URL: https://demoqa.com/
[2025-03-18 14:31:41] [INFO] Base - Logging out of user2 account and navigating back to homepage 
[2025-03-18 14:31:42] [INFO] Base - Book card on Homepage has been clicked
[2025-03-18 14:31:42] [INFO] Base - Navigating to Bookstore page
[2025-03-18 14:31:45] [INFO] Base - Closing browser
[2025-03-18 14:32:18] [INFO] Base - Setting up Extent Reports on:- 
[2025-03-18 14:32:30] [INFO] Base - Chrome has been selected
[2025-03-18 14:32:31] [INFO] Base - opening https://demoqa.com/
[2025-03-18 14:32:31] [INFO] Base - Pagefactory has be instantiated
[2025-03-18 14:32:32] [INFO] Base - Book card on Homepage has been clicked
[2025-03-18 14:32:32] [INFO] Base - Navigating to Bookstore page
[2025-03-18 14:32:33] [INFO] Base - Clicked login Button
[2025-03-18 14:32:33] [INFO] Base - Enter username: user1
[2025-03-18 14:32:33] [INFO] Base - Entered password Password123!
[2025-03-18 14:32:33] [INFO] Base - Clicked Login info after entering user information
[2025-03-18 14:32:34] [INFO] Base - Waiting 3 seconds for logout button to appear
[2025-03-18 14:32:35] [INFO] Base - logged out
[2025-03-18 14:32:35] [INFO] Base - Navigated to the URL: https://demoqa.com/
[2025-03-18 14:32:35] [INFO] Base - Logging out of user1 account and navigating back to homepage 
[2025-03-18 14:32:36] [INFO] Base - Book card on Homepage has been clicked
[2025-03-18 14:32:36] [INFO] Base - Navigating to Bookstore page
[2025-03-18 14:32:36] [INFO] Base - Clicked login Button
[2025-03-18 14:32:36] [INFO] Base - Enter username: user2
[2025-03-18 14:32:36] [INFO] Base - Entered password Password345!
[2025-03-18 14:32:37] [INFO] Base - Clicked Login info after entering user information
[2025-03-18 14:32:38] [INFO] Base - Waiting 3 seconds for logout button to appear
[2025-03-18 14:32:38] [INFO] Base - logged out
[2025-03-18 14:32:38] [INFO] Base - Navigated to the URL: https://demoqa.com/
[2025-03-18 14:32:38] [INFO] Base - Logging out of user2 account and navigating back to homepage 
[2025-03-18 14:32:39] [INFO] Base - Book card on Homepage has been clicked
[2025-03-18 14:32:39] [INFO] Base - Navigating to Bookstore page
[2025-03-18 14:32:39] [INFO] Base - Clicked login Button
[2025-03-18 14:32:39] [INFO] Base - Enter username: user3
[2025-03-18 14:32:40] [INFO] Base - Entered password Password567!
[2025-03-18 14:32:40] [INFO] Base - Clicked Login info after entering user information
[2025-03-18 14:32:41] [INFO] Base - Waiting 3 seconds for logout button to appear
[2025-03-18 14:32:41] [INFO] Base - logged out
[2025-03-18 14:32:41] [INFO] Base - Navigated to the URL: https://demoqa.com/
[2025-03-18 14:32:41] [INFO] Base - Logging out of user3 account and navigating back to homepage 
[2025-03-18 14:33:02] [INFO] Base - Setting up Extent Reports on:- 
[2025-03-18 14:33:13] [INFO] Base - Chrome has been selected
[2025-03-18 14:33:15] [INFO] Base - opening https://demoqa.com/
[2025-03-18 14:33:15] [INFO] Base - Pagefactory has be instantiated
[2025-03-18 14:33:16] [INFO] Base - Book card on Homepage has been clicked
[2025-03-18 14:33:16] [INFO] Base - Navigating to Bookstore page
[2025-03-18 14:33:16] [INFO] Base - Clicked login Button
[2025-03-18 14:33:16] [INFO] Base - Enter username: user1
[2025-03-18 14:33:16] [INFO] Base - Entered password Password123!
[2025-03-18 14:33:16] [INFO] Base - Clicked Login info after entering user information
[2025-03-18 14:33:17] [INFO] Base - Waiting 3 seconds for logout button to appear
[2025-03-18 14:33:17] [INFO] Base - logged out
[2025-03-18 14:33:17] [INFO] Base - Navigated to the URL: https://demoqa.com/
[2025-03-18 14:33:17] [INFO] Base - Logging out of user1 account and navigating back to homepage 
[2025-03-18 14:33:18] [INFO] Base - Book card on Homepage has been clicked
[2025-03-18 14:33:18] [INFO] Base - Navigating to Bookstore page
[2025-03-18 14:33:18] [INFO] Base - Clicked login Button
[2025-03-18 14:33:18] [INFO] Base - Enter username: user2
[2025-03-18 14:33:18] [INFO] Base - Entered password Password345!
[2025-03-18 14:33:18] [INFO] Base - Clicked Login info after entering user information
[2025-03-18 14:33:19] [INFO] Base - Waiting 3 seconds for logout button to appear
[2025-03-18 14:33:20] [INFO] Base - logged out
[2025-03-18 14:33:20] [INFO] Base - Navigated to the URL: https://demoqa.com/
[2025-03-18 14:33:20] [INFO] Base - Logging out of user2 account and navigating back to homepage 
[2025-03-18 14:33:21] [INFO] Base - Book card on Homepage has been clicked
[2025-03-18 14:33:21] [INFO] Base - Navigating to Bookstore page
[2025-03-18 14:33:21] [INFO] Base - Clicked login Button
[2025-03-18 14:33:22] [INFO] Base - Enter username: user3
[2025-03-18 14:33:22] [INFO] Base - Entered password Password567!
[2025-03-18 14:33:22] [INFO] Base - Clicked Login info after entering user information
[2025-03-18 14:33:23] [INFO] Base - Waiting 3 seconds for logout button to appear
[2025-03-18 14:33:23] [INFO] Base - logged out
[2025-03-18 14:33:24] [INFO] Base - Navigated to the URL: https://demoqa.com/
[2025-03-18 14:33:24] [INFO] Base - Logging out of user3 account and navigating back to homepage 
[2025-03-18 14:33:29] [INFO] Base - Closing browser
[2025-03-18 14:34:41] [INFO] Base - Setting up Extent Reports on:- 
[2025-03-18 14:34:49] [INFO] Base - Chrome has been selected
[2025-03-18 14:34:51] [INFO] Base - opening https://demoqa.com/
[2025-03-18 14:34:51] [INFO] Base - Pagefactory has be instantiated
[2025-03-18 14:34:51] [INFO] Base - Book card on Homepage has been clicked
[2025-03-18 14:34:51] [INFO] Base - Navigating to Bookstore page
[2025-03-18 14:34:51] [INFO] Base - Clicked login Button
[2025-03-18 14:34:52] [INFO] Base - Enter username: user1
[2025-03-18 14:34:52] [INFO] Base - Entered password Password123!
[2025-03-18 14:34:52] [INFO] Base - Clicked Login info after entering user information
[2025-03-18 14:34:53] [INFO] Base - Waiting 3 seconds for logout button to appear
[2025-03-18 14:34:53] [INFO] Base - logged out
[2025-03-18 14:34:54] [INFO] Base - Navigated to the URL: https://demoqa.com/
[2025-03-18 14:34:54] [INFO] Base - Logging out of user1 account and navigating back to homepage 
[2025-03-18 14:34:54] [INFO] Base - Book card on Homepage has been clicked
[2025-03-18 14:34:54] [INFO] Base - Navigating to Bookstore page
[2025-03-18 14:34:54] [INFO] Base - Clicked login Button
[2025-03-18 14:34:54] [INFO] Base - Enter username: user2
[2025-03-18 14:34:54] [INFO] Base - Entered password Password345!
[2025-03-18 14:34:54] [INFO] Base - Clicked Login info after entering user information
[2025-03-18 14:34:55] [INFO] Base - Waiting 3 seconds for logout button to appear
[2025-03-18 14:34:56] [INFO] Base - logged out
[2025-03-18 14:34:56] [INFO] Base - Navigated to the URL: https://demoqa.com/
[2025-03-18 14:34:56] [INFO] Base - Logging out of user2 account and navigating back to homepage 
[2025-03-18 14:34:57] [INFO] Base - Book card on Homepage has been clicked
[2025-03-18 14:34:57] [INFO] Base - Navigating to Bookstore page
[2025-03-18 14:34:57] [INFO] Base - Clicked login Button
[2025-03-18 14:34:57] [INFO] Base - Enter username: user3
[2025-03-18 14:34:58] [INFO] Base - Entered password Password567!
[2025-03-18 14:34:58] [INFO] Base - Clicked Login info after entering user information
[2025-03-18 14:34:59] [INFO] Base - Waiting 3 seconds for logout button to appear
[2025-03-18 14:34:59] [INFO] Base - logged out
[2025-03-18 14:35:00] [INFO] Base - Navigated to the URL: https://demoqa.com/
[2025-03-18 14:35:00] [INFO] Base - Logging out of user3 account and navigating back to homepage 
[2025-03-18 14:35:02] [INFO] Base - Closing browser
[2025-03-18 22:32:27] [INFO] Base - Setting up Extent Reports on:- 
[2025-03-19 09:23:10] [INFO] Base - Setting up Extent Reports on:- 
[2025-03-19 09:23:24] [INFO] Base - Chrome has been selected
[2025-03-19 09:23:26] [INFO] Base - opening https://demoqa.com/
[2025-03-19 09:23:26] [INFO] Base - Pagefactory has be instantiated
[2025-03-19 09:23:26] [INFO] Base - Book card on Homepage has been clicked
[2025-03-19 09:23:26] [INFO] Base - Waiting 2 seconds for LoginButton to appear
[2025-03-19 09:23:26] [INFO] Base - Login Button is present
[2025-03-19 09:41:11] [INFO] Base - Setting up Extent Reports on:- 
[2025-03-19 09:41:25] [INFO] Base - Chrome has been selected
[2025-03-19 09:41:27] [INFO] Base - opening https://demoqa.com/
[2025-03-19 09:41:27] [INFO] Base - Pagefactory has be instantiated
[2025-03-19 09:41:27] [INFO] Base - Setting up Extent Reports on:- 
[2025-03-19 09:41:37] [INFO] Base - Chrome has been selected
[2025-03-19 09:41:39] [INFO] Base - opening https://demoqa.com/
[2025-03-19 09:41:39] [INFO] Base - Pagefactory has be instantiated
[2025-03-19 09:43:53] [INFO] Base - Setting up Extent Reports on:- 
[2025-03-19 09:44:05] [INFO] Base - Chrome has been selected
[2025-03-19 09:44:07] [INFO] Base - opening https://demoqa.com/
[2025-03-19 09:44:07] [INFO] Base - Pagefactory has be instantiated
[2025-03-19 09:44:07] [INFO] Base - Setting up Extent Reports on:- 
[2025-03-19 09:44:17] [INFO] Base - Chrome has been selected
[2025-03-19 09:44:18] [INFO] Base - opening https://demoqa.com/
[2025-03-19 09:44:18] [INFO] Base - Pagefactory has be instantiated
[2025-03-19 09:46:01] [INFO] Base - Setting up Extent Reports on:- 
[2025-03-19 09:46:45] [INFO] Base - Setting up Extent Reports on:- 
[2025-03-19 09:46:56] [INFO] Base - Chrome has been selected
[2025-03-19 09:46:58] [INFO] Base - opening https://demoqa.com/
[2025-03-19 09:46:58] [INFO] Base - Pagefactory has be instantiated
[2025-03-19 09:46:58] [INFO] Base - Setting up Extent Reports on:- 
[2025-03-19 09:47:24] [INFO] Base - Setting up Extent Reports on:- 
[2025-03-19 09:47:34] [INFO] Base - Chrome has been selected
[2025-03-19 09:47:36] [INFO] Base - opening https://demoqa.com/
[2025-03-19 09:47:36] [INFO] Base - Pagefactory has be instantiated
[2025-03-19 09:47:36] [INFO] Base - Setting up Extent Reports on:- 
[2025-03-19 09:47:47] [INFO] Base - Chrome has been selected
[2025-03-19 09:47:49] [INFO] Base - opening https://demoqa.com/
[2025-03-19 09:47:49] [INFO] Base - Pagefactory has be instantiated
[2025-03-19 09:48:35] [INFO] Base - Setting up Extent Reports on:- 
[2025-03-19 09:48:47] [INFO] Base - Chrome has been selected
[2025-03-19 09:48:49] [INFO] Base - opening https://demoqa.com/
[2025-03-19 09:48:49] [INFO] Base - Pagefactory has be instantiated
[2025-03-19 09:48:49] [INFO] Base - Setting up Extent Reports on:- 
[2025-03-19 09:48:59] [INFO] Base - Chrome has been selected
[2025-03-19 09:49:00] [INFO] Base - opening https://demoqa.com/
[2025-03-19 09:49:00] [INFO] Base - Pagefactory has be instantiated
[2025-03-19 09:50:48] [INFO] Base - Setting up Extent Reports on:- 
[2025-03-19 09:50:59] [INFO] Base - Chrome has been selected
[2025-03-19 09:51:01] [INFO] Base - opening https://demoqa.com/
[2025-03-19 09:51:01] [INFO] Base - Pagefactory has be instantiated
[2025-03-19 09:51:01] [INFO] Base - Setting up Extent Reports on:- 
[2025-03-19 09:51:11] [INFO] Base - Chrome has been selected
[2025-03-19 09:51:13] [INFO] Base - opening https://demoqa.com/
[2025-03-19 09:51:13] [INFO] Base - Pagefactory has be instantiated
[2025-03-19 10:03:32] [INFO] Base - Setting up Extent Reports on:- 
[2025-03-19 10:03:42] [INFO] Base - Chrome has been selected
[2025-03-19 10:03:44] [INFO] Base - opening https://demoqa.com/
[2025-03-19 10:03:44] [INFO] Base - Pagefactory has be instantiated
[2025-03-19 10:03:44] [INFO] Base - Setting up Extent Reports on:- 
[2025-03-19 10:03:55] [INFO] Base - Chrome has been selected
[2025-03-19 10:03:56] [INFO] Base - opening https://demoqa.com/
[2025-03-19 10:03:56] [INFO] Base - Pagefactory has be instantiated
[2025-03-19 10:03:56] [INFO] Base - Webdriver and Homepage initialised
[2025-03-19 10:14:24] [INFO] Base - Setting up Extent Reports on:- 
[2025-03-19 10:14:36] [INFO] Base - Chrome has been selected
[2025-03-19 10:14:37] [INFO] Base - opening https://demoqa.com/
[2025-03-19 10:14:37] [INFO] Base - Pagefactory has be instantiated
[2025-03-19 10:14:38] [INFO] Base - starting navigating To Bookstore-Hometest
[2025-03-19 10:14:38] [INFO] Base - Book card on Homepage has been clicked
[2025-03-19 10:14:38] [INFO] Base - Waiting 2 seconds for LoginButton to appear
[2025-03-19 10:14:38] [INFO] Base - Login Button is present
[2025-03-19 10:14:39] [INFO] Base - Cleaning extent reports
[2025-03-19 10:14:41] [INFO] Base - Closing browser
[2025-03-19 10:14:57] [INFO] Base - Setting up Extent Reports on:- 
[2025-03-19 10:15:07] [INFO] Base - Chrome has been selected
[2025-03-19 10:15:09] [INFO] Base - opening https://demoqa.com/
[2025-03-19 10:15:09] [INFO] Base - Pagefactory has be instantiated
[2025-03-19 10:15:09] [INFO] Base - Setting up Extent Reports on:- 
[2025-03-19 10:15:19] [INFO] Base - Chrome has been selected
[2025-03-19 10:15:21] [INFO] Base - opening https://demoqa.com/
[2025-03-19 10:15:21] [INFO] Base - Pagefactory has be instantiated
[2025-03-19 10:15:22] [INFO] Base - Book card on Homepage has been clicked
[2025-03-19 10:15:22] [INFO] Base - Waiting 2 seconds for LoginButton to appear
[2025-03-19 10:15:22] [INFO] Base - Login Button is present
[2025-03-19 10:15:24] [INFO] Base - Closing browser
[2025-03-19 10:15:43] [INFO] Base - Setting up Extent Reports on:- 
[2025-03-19 10:15:54] [INFO] Base - Chrome has been selected
[2025-03-19 10:15:56] [INFO] Base - opening https://demoqa.com/
[2025-03-19 10:15:56] [INFO] Base - Pagefactory has be instantiated
[2025-03-19 10:15:56] [INFO] Base - Setting up Extent Reports on:- 
[2025-03-19 10:16:06] [INFO] Base - Chrome has been selected
[2025-03-19 10:16:08] [INFO] Base - opening https://demoqa.com/
[2025-03-19 10:16:08] [INFO] Base - Pagefactory has be instantiated
[2025-03-19 10:16:08] [INFO] Base - Book card on Homepage has been clicked
[2025-03-19 10:16:09] [INFO] Base - Waiting 2 seconds for LoginButton to appear
[2025-03-19 10:16:09] [INFO] Base - Login Button is present
[2025-03-19 10:16:11] [INFO] Base - Closing browser
[2025-03-19 10:18:27] [INFO] Base - Setting up Extent Reports on:- 
[2025-03-19 10:18:39] [INFO] Base - Chrome has been selected
[2025-03-19 10:18:40] [INFO] Base - opening https://demoqa.com/
[2025-03-19 10:18:41] [INFO] Base - Pagefactory has be instantiated
[2025-03-19 10:18:41] [INFO] Base - Setting up Extent Reports on:- 
[2025-03-19 10:18:50] [INFO] Base - Chrome has been selected
[2025-03-19 10:18:52] [INFO] Base - opening https://demoqa.com/
[2025-03-19 10:18:52] [INFO] Base - Pagefactory has be instantiated
[2025-03-19 10:18:52] [INFO] Base - Book card on Homepage has been clicked
[2025-03-19 10:18:52] [INFO] Base - Waiting 2 seconds for LoginButton to appear
[2025-03-19 10:18:52] [INFO] Base - Login Button is present
[2025-03-19 10:18:54] [INFO] Base - Closing browser
[2025-03-19 10:21:32] [INFO] Base - Setting up Extent Reports on:- 
[2025-03-19 10:21:43] [INFO] Base - Chrome has been selected
[2025-03-19 10:21:44] [INFO] Base - opening https://demoqa.com/
[2025-03-19 10:21:44] [INFO] Base - Pagefactory has be instantiated
[2025-03-19 10:21:44] [INFO] Base - Webdriver and Homepage initialised
[2025-03-19 10:21:46] [INFO] Base - Book card on Homepage has been clicked
[2025-03-19 10:21:46] [INFO] Base - Waiting 2 seconds for LoginButton to appear
[2025-03-19 10:21:46] [INFO] Base - Login Button is present
[2025-03-19 10:21:48] [INFO] Base - Closing browser
[2025-03-19 10:36:18] [INFO] Base - Setting up Extent Reports on:- 
[2025-03-19 10:50:11] [INFO] Base - Setting up Extent Reports on:- 
[2025-03-19 10:50:22] [INFO] Base - Chrome has been selected
[2025-03-19 10:50:24] [INFO] Base - opening https://demoqa.com/
[2025-03-19 10:50:24] [INFO] Base - Pagefactory has be instantiated
[2025-03-19 10:50:24] [INFO] Base - Setting up Extent Reports on:- 
[2025-03-19 10:50:35] [INFO] Base - Chrome has been selected
[2025-03-19 10:50:37] [INFO] Base - opening https://demoqa.com/
[2025-03-19 10:50:37] [INFO] Base - Pagefactory has be instantiated
[2025-03-19 10:50:37] [INFO] Base - starting navigating To Bookstore-Hometest
[2025-03-19 10:50:37] [INFO] Base - Book card on Homepage has been clicked
[2025-03-19 10:50:37] [INFO] Base - Waiting 2 seconds for LoginButton to appear
[2025-03-19 10:50:37] [INFO] Base - Login Button is present
[2025-03-19 10:50:38] [INFO] Base - Cleaning extent reports
[2025-03-19 10:50:40] [INFO] Base - Closing browser
[2025-03-19 10:50:42] [INFO] Base - Setting up Extent Reports on:- 
[2025-03-19 10:50:55] [INFO] Base - Chrome has been selected
[2025-03-19 10:50:57] [INFO] Base - opening https://demoqa.com/
[2025-03-19 10:50:57] [INFO] Base - Pagefactory has be instantiated
[2025-03-19 10:50:57] [INFO] Base - Webdriver and Homepage initialised
[2025-03-19 10:50:57] [INFO] Base - Book card on Homepage has been clicked
[2025-03-19 10:50:57] [INFO] Base - Waiting 2 seconds for LoginButton to appear
[2025-03-19 10:50:57] [INFO] Base - Login Button is present
[2025-03-19 10:50:57] [INFO] Base - Waiting 2 seconds for LoginButton to appear
[2025-03-19 10:50:57] [INFO] Base - Login Button is present
[2025-03-19 10:51:00] [INFO] Base - Closing browser
[2025-03-19 10:51:20] [INFO] Base - Setting up Extent Reports on:- 
[2025-03-19 10:51:31] [INFO] Base - Chrome has been selected
[2025-03-19 10:51:33] [INFO] Base - opening https://demoqa.com/
[2025-03-19 10:51:33] [INFO] Base - Pagefactory has be instantiated
[2025-03-19 10:51:33] [INFO] Base - Webdriver and Homepage initialised
[2025-03-19 10:51:33] [INFO] Base - Book card on Homepage has been clicked
[2025-03-19 10:51:33] [INFO] Base - Waiting 2 seconds for LoginButton to appear
[2025-03-19 10:51:34] [INFO] Base - Login Button is present
[2025-03-19 10:51:34] [INFO] Base - Waiting 2 seconds for LoginButton to appear
[2025-03-19 10:51:34] [INFO] Base - Login Button is present
[2025-03-19 10:51:36] [INFO] Base - Closing browser
[2025-03-19 11:00:11] [INFO] Base - Setting up Extent Reports on:- 
[2025-03-19 11:00:22] [INFO] Base - Chrome has been selected
[2025-03-19 11:00:24] [INFO] Base - opening https://demoqa.com/
[2025-03-19 11:00:24] [INFO] Base - Pagefactory has be instantiated
[2025-03-19 11:00:24] [INFO] Base - Webdriver and Homepage initialised
[2025-03-19 11:00:24] [INFO] Base - Book card on Homepage has been clicked
[2025-03-19 11:00:24] [INFO] Base - Waiting 2 seconds for LoginButton to appear
[2025-03-19 11:00:24] [INFO] Base - Login Button is present
[2025-03-19 11:00:24] [INFO] Base - Waiting 2 seconds for LoginButton to appear
[2025-03-19 11:00:24] [INFO] Base - Login Button is present
[2025-03-19 11:00:26] [INFO] Base - Closing browser
[2025-03-19 11:01:25] [INFO] Base - Setting up Extent Reports on:- 
[2025-03-19 11:01:38] [INFO] Base - Chrome has been selected
[2025-03-19 11:01:40] [INFO] Base - opening https://demoqa.com/
[2025-03-19 11:01:40] [INFO] Base - Pagefactory has be instantiated
[2025-03-19 11:01:40] [INFO] Base - Webdriver and Homepage initialised
[2025-03-19 11:01:40] [INFO] Base - Book card on Homepage has been clicked
[2025-03-19 11:01:40] [INFO] Base - Waiting 2 seconds for LoginButton to appear
[2025-03-19 11:01:40] [INFO] Base - Login Button is present
[2025-03-19 11:01:40] [INFO] Base - Waiting 2 seconds for LoginButton to appear
[2025-03-19 11:01:40] [INFO] Base - Login Button is present
[2025-03-19 11:01:43] [INFO] Base - Closing browser
[2025-03-19 11:01:58] [INFO] Base - Setting up Extent Reports on:- 
[2025-03-19 11:02:11] [INFO] Base - Chrome has been selected
[2025-03-19 11:02:12] [INFO] Base - opening https://demoqa.com/
[2025-03-19 11:02:12] [INFO] Base - Pagefactory has be instantiated
[2025-03-19 11:02:12] [INFO] Base - Webdriver and Homepage initialised
[2025-03-19 11:02:13] [INFO] Base - Book card on Homepage has been clicked
[2025-03-19 11:02:13] [INFO] Base - Waiting 2 seconds for LoginButton to appear
[2025-03-19 11:02:13] [INFO] Base - Login Button is present
[2025-03-19 11:02:13] [INFO] Base - Waiting 2 seconds for LoginButton to appear
[2025-03-19 11:02:13] [INFO] Base - Login Button is present
[2025-03-19 11:02:16] [INFO] Base - Closing browser
